Using pre-set license
Built from '2021.3/staging' branch; Version is '2021.3.22f1 (b6c551784ba3) revision 11978065'; Using compiler version '192829333'; Build Type 'Release'
OS: 'Windows 11  (10.0.22631) 64bit Professional' Language: 'ko' Physical Memory: 32581 MB
BatchMode: 1, IsHumanControllingUs: 0, StartBugReporterOnCrash: 0, Is64bit: 1, IsPro: 1

COMMAND LINE ARGUMENTS:
C:\Program Files\Unity\Hub\Editor\2021.3.22f1\Editor\Unity.exe
-adb2
-batchMode
-noUpm
-name
AssetImportWorker0
-projectPath
C:/Users/KJW/OneDrive/바탕 화면/Git/last_project/last_project/finalProject
-logFile
Logs/AssetImportWorker0.log
-srvPort
57403
Successfully changed project path to: C:/Users/KJW/OneDrive/바탕 화면/Git/last_project/last_project/finalProject
C:/Users/KJW/OneDrive/바탕 화면/Git/last_project/last_project/finalProject
[UnityMemory] Configuration Parameters - Can be set up in boot.config
    "memorysetup-bucket-allocator-granularity=16"
    "memorysetup-bucket-allocator-bucket-count=8"
    "memorysetup-bucket-allocator-block-size=33554432"
    "memorysetup-bucket-allocator-block-count=8"
    "memorysetup-main-allocator-block-size=16777216"
    "memorysetup-thread-allocator-block-size=16777216"
    "memorysetup-gfx-main-allocator-block-size=16777216"
    "memorysetup-gfx-thread-allocator-block-size=16777216"
    "memorysetup-cache-allocator-block-size=4194304"
    "memorysetup-typetree-allocator-block-size=2097152"
    "memorysetup-profiler-bucket-allocator-granularity=16"
    "memorysetup-profiler-bucket-allocator-bucket-count=8"
    "memorysetup-profiler-bucket-allocator-block-size=33554432"
    "memorysetup-profiler-bucket-allocator-block-count=8"
    "memorysetup-profiler-allocator-block-size=16777216"
    "memorysetup-profiler-editor-allocator-block-size=1048576"
    "memorysetup-temp-allocator-size-main=16777216"
    "memorysetup-job-temp-allocator-block-size=2097152"
    "memorysetup-job-temp-allocator-block-size-background=1048576"
    "memorysetup-job-temp-allocator-reduction-small-platforms=262144"
    "memorysetup-temp-allocator-size-background-worker=32768"
    "memorysetup-temp-allocator-size-job-worker=262144"
    "memorysetup-temp-allocator-size-preload-manager=33554432"
    "memorysetup-temp-allocator-size-nav-mesh-worker=65536"
    "memorysetup-temp-allocator-size-audio-worker=65536"
    "memorysetup-temp-allocator-size-cloud-worker=32768"
    "memorysetup-temp-allocator-size-gi-baking-worker=262144"
    "memorysetup-temp-allocator-size-gfx=262144"
Player connection [13572] Host "[IP] 192.168.0.2 [Port] 0 [Flags] 2 [Guid] 2781424385 [EditorId] 2781424385 [Version] 1048832 [Id] WindowsEditor(7,DESKTOP-CU87UFD) [Debug] 1 [PackageName] WindowsEditor [ProjectName] Editor" joined multi-casting on [225.0.0.222:54997]...

Player connection [13572] Host "[IP] 192.168.0.2 [Port] 0 [Flags] 2 [Guid] 2781424385 [EditorId] 2781424385 [Version] 1048832 [Id] WindowsEditor(7,DESKTOP-CU87UFD) [Debug] 1 [PackageName] WindowsEditor [ProjectName] Editor" joined alternative multi-casting on [225.0.0.222:34997]...

Refreshing native plugins compatible for Editor in 61.34 ms, found 3 plugins.
Preloading 0 native plugins for Editor in 0.00 ms.
Initialize engine version: 2021.3.22f1 (b6c551784ba3)
[Subsystems] Discovering subsystems at path C:/Program Files/Unity/Hub/Editor/2021.3.22f1/Editor/Data/Resources/UnitySubsystems
[Subsystems] Discovering subsystems at path C:/Users/KJW/OneDrive/바탕 화면/Git/last_project/last_project/finalProject/Assets
GfxDevice: creating device client; threaded=0; jobified=0
Direct3D:
    Version:  Direct3D 11.0 [level 11.1]
    Renderer: NVIDIA GeForce RTX 3080 (ID=0x2216)
    Vendor:   NVIDIA
    VRAM:     10053 MB
    Driver:   31.0.15.5152
Initialize mono
Mono path[0] = 'C:/Program Files/Unity/Hub/Editor/2021.3.22f1/Editor/Data/Managed'
Mono path[1] = 'C:/Program Files/Unity/Hub/Editor/2021.3.22f1/Editor/Data/MonoBleedingEdge/lib/mono/unityjit-win32'
Mono config path = 'C:/Program Files/Unity/Hub/Editor/2021.3.22f1/Editor/Data/MonoBleedingEdge/etc'
Using monoOptions --debugger-agent=transport=dt_socket,embedding=1,server=y,suspend=n,address=127.0.0.1:56604
Begin MonoManager ReloadAssembly
Registering precompiled unity dll's ...
Register platform support module: C:/Program Files/Unity/Hub/Editor/2021.3.22f1/Editor/Data/PlaybackEngines/WindowsStandaloneSupport/UnityEditor.WindowsStandalone.Extensions.dll
Registered in 0.005912 seconds.
Native extension for WindowsStandalone target not found
Refreshing native plugins compatible for Editor in 58.48 ms, found 3 plugins.
Preloading 0 native plugins for Editor in 0.00 ms.
Mono: successfully reloaded assembly
- Completed reload, in  0.509 seconds
Domain Reload Profiling:
	ReloadAssembly (509ms)
		BeginReloadAssembly (84ms)
			ExecutionOrderSort (0ms)
			DisableScriptedObjects (0ms)
			BackupInstance (0ms)
			ReleaseScriptingObjects (0ms)
			CreateAndSetChildDomain (1ms)
		EndReloadAssembly (346ms)
			LoadAssemblies (82ms)
			RebuildTransferFunctionScriptingTraits (0ms)
			SetupTypeCache (75ms)
			ReleaseScriptCaches (0ms)
			RebuildScriptCaches (20ms)
			SetupLoadedEditorAssemblies (214ms)
				LogAssemblyErrors (0ms)
				InitializePlatformSupportModulesInManaged (6ms)
				SetLoadedEditorAssemblies (0ms)
				RefreshPlugins (59ms)
				BeforeProcessingInitializeOnLoad (2ms)
				ProcessInitializeOnLoadAttributes (101ms)
				ProcessInitializeOnLoadMethodAttributes (46ms)
				AfterProcessingInitializeOnLoad (0ms)
				EditorAssembliesLoaded (0ms)
			ExecutionOrderSort2 (0ms)
			AwakeInstancesAfterBackupRestoration (0ms)
Platform modules already initialized, skipping
Registering precompiled user dll's ...
Registered in 0.005393 seconds.
Begin MonoManager ReloadAssembly
Symbol file LoadedFromMemory doesn't match image C:\Users\KJW\OneDrive\바탕 화면\Git\last_project\last_project\finalProject\Library\PackageCache\com.unity.visualscripting@1.8.0\Editor\VisualScripting.Core\Dependencies\YamlDotNet\Unity.VisualScripting.YamlDotNet.dll
Symbol file LoadedFromMemory doesn't match image C:\Users\KJW\OneDrive\바탕 화면\Git\last_project\last_project\finalProject\Library\PackageCache\com.unity.visualscripting@1.8.0\Editor\VisualScripting.Core\Dependencies\DotNetZip\Unity.VisualScripting.IonicZip.dll
Native extension for WindowsStandalone target not found
Refreshing native plugins compatible for Editor in 0.39 ms, found 3 plugins.
Preloading 0 native plugins for Editor in 0.00 ms.
Mono: successfully reloaded assembly
- Completed reload, in  0.844 seconds
Domain Reload Profiling:
	ReloadAssembly (845ms)
		BeginReloadAssembly (102ms)
			ExecutionOrderSort (0ms)
			DisableScriptedObjects (4ms)
			BackupInstance (0ms)
			ReleaseScriptingObjects (0ms)
			CreateAndSetChildDomain (15ms)
		EndReloadAssembly (655ms)
			LoadAssemblies (77ms)
			RebuildTransferFunctionScriptingTraits (0ms)
			SetupTypeCache (215ms)
			ReleaseScriptCaches (0ms)
			RebuildScriptCaches (49ms)
			SetupLoadedEditorAssemblies (285ms)
				LogAssemblyErrors (0ms)
				InitializePlatformSupportModulesInManaged (4ms)
				SetLoadedEditorAssemblies (0ms)
				RefreshPlugins (0ms)
				BeforeProcessingInitializeOnLoad (58ms)
				ProcessInitializeOnLoadAttributes (199ms)
				ProcessInitializeOnLoadMethodAttributes (16ms)
				AfterProcessingInitializeOnLoad (6ms)
				EditorAssembliesLoaded (0ms)
			ExecutionOrderSort2 (0ms)
			AwakeInstancesAfterBackupRestoration (9ms)
Platform modules already initialized, skipping
========================================================================
Worker process is ready to serve import requests
Launched and connected shader compiler UnityShaderCompiler.exe after 0.04 seconds
Refreshing native plugins compatible for Editor in 0.33 ms, found 3 plugins.
Preloading 0 native plugins for Editor in 0.00 ms.
Unloading 3220 Unused Serialized files (Serialized files now loaded: 0)
Unloading 37 unused Assets / (184.1 KB). Loaded Objects now: 3680.
Memory consumption went from 115.0 MB to 114.8 MB.
Total: 2.139000 ms (FindLiveObjects: 0.157900 ms CreateObjectMapping: 0.086500 ms MarkObjects: 1.808000 ms  DeleteObjects: 0.085600 ms)

AssetImportParameters requested are different than current active one (requested -> active):
  custom:video-decoder-ogg-theora: a1e56fd34408186e4bbccfd4996cb3dc -> 
  custom:container-muxer-webm: aa71ff27fc2769a1b78a27578f13a17b -> 
  custom:container-demuxer-webm: 4f35f7cbe854078d1ac9338744f61a02 -> 
  custom:video-encoder-webm-vp8: eb34c28f22e8b96e1ab97ce403110664 -> 
  custom:audio-encoder-webm-vorbis: bf7c407c2cedff20999df2af8eb42d56 -> 
  custom:framework-win-MediaFoundation: 216162199b28c13a410421893ffa2e32 -> 
  custom:container-demuxer-ogg: 62fdf1f143b41e24485cea50d1cbac27 -> 
  custom:video-decoder-webm-vp8: 9c59270c3fd7afecdb556c50c9e8de78 -> 
  custom:audio-decoder-ogg-vorbis: bf7c407c2cedff20999df2af8eb42d56 -> 
========================================================================
Received Import Request.
  Time since last request: 179025.903793 seconds.
  path: Assets/Assets/DungeonFreeVersion/Models
  artifactKey: Guid(679447517aff1c2409a1bb3496033628) Importer(815301076,1909f56bfc062723c751e8b465ee728b)
Start importing Assets/Assets/DungeonFreeVersion/Models using Guid(679447517aff1c2409a1bb3496033628) Importer(815301076,1909f56bfc062723c751e8b465ee728b)  -> (artifact id: '571c44abc9fb956ec7e220fbf3d049a6') in 0.009841 seconds 
========================================================================
Received Import Request.
  Time since last request: 0.000019 seconds.
  path: Assets/Assets/DungeonFreeVersion/Materials
  artifactKey: Guid(e57c656a47b90354ba16095130d7115a) Importer(815301076,1909f56bfc062723c751e8b465ee728b)
Start importing Assets/Assets/DungeonFreeVersion/Materials using Guid(e57c656a47b90354ba16095130d7115a) Importer(815301076,1909f56bfc062723c751e8b465ee728b)  -> (artifact id: '65261d6e0fe50b97d39d068a9ed88313') in 0.005659 seconds 
========================================================================
Received Import Request.
  Time since last request: 0.000019 seconds.
  path: Assets/Assets/DungeonFreeVersion/Prefabs
  artifactKey: Guid(c25249e4b3b805245abbff43e3ea0c8e) Importer(815301076,1909f56bfc062723c751e8b465ee728b)
Start importing Assets/Assets/DungeonFreeVersion/Prefabs using Guid(c25249e4b3b805245abbff43e3ea0c8e) Importer(815301076,1909f56bfc062723c751e8b465ee728b)  -> (artifact id: 'e3c3a800a6296ccc3b30c5914ca6ae7b') in 0.006064 seconds 
========================================================================
Received Import Request.
  Time since last request: 0.751729 seconds.
  path: Assets/Assets/DungeonFreeVersion/Prefabs/_Barrel.prefab
  artifactKey: Guid(7a89c72c01f4d8c4796bc426fe28bf40) Importer(815301076,1909f56bfc062723c751e8b465ee728b)
Start importing Assets/Assets/DungeonFreeVersion/Prefabs/_Barrel.prefab using Guid(7a89c72c01f4d8c4796bc426fe28bf40) Importer(815301076,1909f56bfc062723c751e8b465ee728b)  -> (artifact id: 'f708fe4e39fae1b9740015e16995bbda') in 0.117442 seconds 
========================================================================
Received Import Request.
  Time since last request: 0.337442 seconds.
  path: Assets/Assets/DungeonFreeVersion/Prefabs/_Beam.prefab
  artifactKey: Guid(92daf0a8c08653f4f8e79a0318a99c88) Importer(815301076,1909f56bfc062723c751e8b465ee728b)
Start importing Assets/Assets/DungeonFreeVersion/Prefabs/_Beam.prefab using Guid(92daf0a8c08653f4f8e79a0318a99c88) Importer(815301076,1909f56bfc062723c751e8b465ee728b)  -> (artifact id: 'ba9d7e5e02c0e4a5d7b09b98b7d8931b') in 0.014704 seconds 
========================================================================
Received Import Request.
  Time since last request: 0.459527 seconds.
  path: Assets/Assets/DungeonFreeVersion/Prefabs/_Box.prefab
  artifactKey: Guid(23adc83ec0d82fe4e9b1aaf8d0d20af3) Importer(815301076,1909f56bfc062723c751e8b465ee728b)
Start importing Assets/Assets/DungeonFreeVersion/Prefabs/_Box.prefab using Guid(23adc83ec0d82fe4e9b1aaf8d0d20af3) Importer(815301076,1909f56bfc062723c751e8b465ee728b)  -> (artifact id: '9a6aae1bf5076242924ddfed83b356e3') in 0.015478 seconds 
========================================================================
Received Import Request.
  Time since last request: 0.377003 seconds.
  path: Assets/Assets/DungeonFreeVersion/Prefabs/_Boxes.prefab
  artifactKey: Guid(7f17753cb397812468ac4e6a0930269c) Importer(815301076,1909f56bfc062723c751e8b465ee728b)
Start importing Assets/Assets/DungeonFreeVersion/Prefabs/_Boxes.prefab using Guid(7f17753cb397812468ac4e6a0930269c) Importer(815301076,1909f56bfc062723c751e8b465ee728b)  -> (artifact id: '7e2c1a37a0eb9e8a33dd1e76c99ed6ab') in 0.015905 seconds 
========================================================================
Received Import Request.
  Time since last request: 0.327582 seconds.
  path: Assets/Assets/DungeonFreeVersion/Prefabs/_BoxOpen.prefab
  artifactKey: Guid(e76d265c296c4dd4eaf315d1c4eebf15) Importer(815301076,1909f56bfc062723c751e8b465ee728b)
Start importing Assets/Assets/DungeonFreeVersion/Prefabs/_BoxOpen.prefab using Guid(e76d265c296c4dd4eaf315d1c4eebf15) Importer(815301076,1909f56bfc062723c751e8b465ee728b)  -> (artifact id: '4a6774e6108fcc0176043c61722bed91') in 0.015981 seconds 
========================================================================
Received Import Request.
  Time since last request: 0.323580 seconds.
  path: Assets/Assets/DungeonFreeVersion/Prefabs/_Crates.prefab
  artifactKey: Guid(c2c86cd01a78a0744bb37ca148391bc0) Importer(815301076,1909f56bfc062723c751e8b465ee728b)
Start importing Assets/Assets/DungeonFreeVersion/Prefabs/_Crates.prefab using Guid(c2c86cd01a78a0744bb37ca148391bc0) Importer(815301076,1909f56bfc062723c751e8b465ee728b)  -> (artifact id: 'ba204f68591ee0ca2ef83cf1df3f7e72') in 0.016729 seconds 
========================================================================
Received Import Request.
  Time since last request: 1.580492 seconds.
  path: Assets/Assets/DungeonFreeVersion/Prefabs/_FloorRock.prefab
  artifactKey: Guid(c61063d231c1a2d4bb1dd06a0a00891a) Importer(815301076,1909f56bfc062723c751e8b465ee728b)
Start importing Assets/Assets/DungeonFreeVersion/Prefabs/_FloorRock.prefab using Guid(c61063d231c1a2d4bb1dd06a0a00891a) Importer(815301076,1909f56bfc062723c751e8b465ee728b)  -> (artifact id: '8e3eca3796e702938025395dd1881760') in 0.022463 seconds 
========================================================================
Received Import Request.
  Time since last request: 0.951550 seconds.
  path: Assets/Assets/DungeonFreeVersion/Prefabs/_Ladder.prefab
  artifactKey: Guid(cdf4aa7240f91b841a77416d085b9578) Importer(815301076,1909f56bfc062723c751e8b465ee728b)
Start importing Assets/Assets/DungeonFreeVersion/Prefabs/_Ladder.prefab using Guid(cdf4aa7240f91b841a77416d085b9578) Importer(815301076,1909f56bfc062723c751e8b465ee728b)  -> (artifact id: '523c0585cf3358958b74bfa6f7cf23e6') in 0.018127 seconds 
========================================================================
Received Import Request.
  Time since last request: 0.316756 seconds.
  path: Assets/Assets/DungeonFreeVersion/Prefabs/_Plane.prefab
  artifactKey: Guid(d808a023680252344871efe6c7d1dd1c) Importer(815301076,1909f56bfc062723c751e8b465ee728b)
Start importing Assets/Assets/DungeonFreeVersion/Prefabs/_Plane.prefab using Guid(d808a023680252344871efe6c7d1dd1c) Importer(815301076,1909f56bfc062723c751e8b465ee728b)  -> (artifact id: 'ad1d5e8fbeb46ad2aa9836245c455876') in 0.038639 seconds 
========================================================================
Received Import Request.
  Time since last request: 1.335704 seconds.
  path: Assets/Assets/DungeonFreeVersion/Prefabs/_Wall.prefab
  artifactKey: Guid(db7a499461d527d4e96086adb6cad60d) Importer(815301076,1909f56bfc062723c751e8b465ee728b)
Start importing Assets/Assets/DungeonFreeVersion/Prefabs/_Wall.prefab using Guid(db7a499461d527d4e96086adb6cad60d) Importer(815301076,1909f56bfc062723c751e8b465ee728b)  -> (artifact id: '16372de1d9f5556913adecb58d315c29') in 0.015671 seconds 
========================================================================
Received Import Request.
  Time since last request: 26.047925 seconds.
  path: Assets/Assets/DungeonFreeVersion/Textures/_RopeCandle.png
  artifactKey: Guid(dc6c847bc0bc91b46af26be734c315d5) Importer(815301076,1909f56bfc062723c751e8b465ee728b)
Start importing Assets/Assets/DungeonFreeVersion/Textures/_RopeCandle.png using Guid(dc6c847bc0bc91b46af26be734c315d5) Importer(815301076,1909f56bfc062723c751e8b465ee728b)  -> (artifact id: '19e38751958098a8ac9b077c41ae417a') in 0.069823 seconds 
========================================================================
Received Import Request.
  Time since last request: 0.280513 seconds.
  path: Assets/Assets/DungeonFreeVersion/Textures/_Plane.png
  artifactKey: Guid(ba3c6ccb0e04a684ca55902a6af7b725) Importer(815301076,1909f56bfc062723c751e8b465ee728b)
Start importing Assets/Assets/DungeonFreeVersion/Textures/_Plane.png using Guid(ba3c6ccb0e04a684ca55902a6af7b725) Importer(815301076,1909f56bfc062723c751e8b465ee728b)  -> (artifact id: '39291a6b3cc0e633dd09186ed207c4a9') in 0.029483 seconds 
========================================================================
Received Prepare
Registering precompiled user dll's ...
Registered in 0.005680 seconds.
Begin MonoManager ReloadAssembly
Symbol file LoadedFromMemory doesn't match image C:\Users\KJW\OneDrive\바탕 화면\Git\last_project\last_project\finalProject\Library\PackageCache\com.unity.visualscripting@1.8.0\Editor\VisualScripting.Core\Dependencies\YamlDotNet\Unity.VisualScripting.YamlDotNet.dll
Symbol file LoadedFromMemory doesn't match image C:\Users\KJW\OneDrive\바탕 화면\Git\last_project\last_project\finalProject\Library\PackageCache\com.unity.visualscripting@1.8.0\Editor\VisualScripting.Core\Dependencies\DotNetZip\Unity.VisualScripting.IonicZip.dll
Native extension for WindowsStandalone target not found
Refreshing native plugins compatible for Editor in 0.63 ms, found 3 plugins.
Preloading 0 native plugins for Editor in 0.00 ms.
Mono: successfully reloaded assembly
- Completed reload, in  0.934 seconds
Domain Reload Profiling:
	ReloadAssembly (935ms)
		BeginReloadAssembly (118ms)
			ExecutionOrderSort (0ms)
			DisableScriptedObjects (3ms)
			BackupInstance (0ms)
			ReleaseScriptingObjects (0ms)
			CreateAndSetChildDomain (23ms)
		EndReloadAssembly (738ms)
			LoadAssemblies (87ms)
			RebuildTransferFunctionScriptingTraits (0ms)
			SetupTypeCache (257ms)
			ReleaseScriptCaches (1ms)
			RebuildScriptCaches (45ms)
			SetupLoadedEditorAssemblies (305ms)
				LogAssemblyErrors (0ms)
				InitializePlatformSupportModulesInManaged (7ms)
				SetLoadedEditorAssemblies (0ms)
				RefreshPlugins (1ms)
				BeforeProcessingInitializeOnLoad (64ms)
				ProcessInitializeOnLoadAttributes (205ms)
				ProcessInitializeOnLoadMethodAttributes (19ms)
				AfterProcessingInitializeOnLoad (9ms)
				EditorAssembliesLoaded (0ms)
			ExecutionOrderSort2 (0ms)
			AwakeInstancesAfterBackupRestoration (11ms)
Platform modules already initialized, skipping
Refreshing native plugins compatible for Editor in 1.80 ms, found 3 plugins.
Preloading 0 native plugins for Editor in 0.00 ms.
Unloading 3215 Unused Serialized files (Serialized files now loaded: 0)
Unloading 18 unused Assets / (150.4 KB). Loaded Objects now: 3705.
Memory consumption went from 119.2 MB to 119.1 MB.
Total: 2.171100 ms (FindLiveObjects: 0.158400 ms CreateObjectMapping: 0.065600 ms MarkObjects: 1.877200 ms  DeleteObjects: 0.068500 ms)

AssetImportParameters requested are different than current active one (requested -> active):
  custom:video-decoder-ogg-theora: a1e56fd34408186e4bbccfd4996cb3dc -> 
  custom:container-muxer-webm: aa71ff27fc2769a1b78a27578f13a17b -> 
  custom:container-demuxer-webm: 4f35f7cbe854078d1ac9338744f61a02 -> 
  custom:video-encoder-webm-vp8: eb34c28f22e8b96e1ab97ce403110664 -> 
  custom:audio-encoder-webm-vorbis: bf7c407c2cedff20999df2af8eb42d56 -> 
  custom:framework-win-MediaFoundation: 216162199b28c13a410421893ffa2e32 -> 
  custom:container-demuxer-ogg: 62fdf1f143b41e24485cea50d1cbac27 -> 
  custom:video-decoder-webm-vp8: 9c59270c3fd7afecdb556c50c9e8de78 -> 
  custom:audio-decoder-ogg-vorbis: bf7c407c2cedff20999df2af8eb42d56 -> 
========================================================================
Received Import Request.
  Time since last request: 36.595849 seconds.
  path: Assets/Assets/DungeonFreeVersion/Textures/_Wall.png
  artifactKey: Guid(475f3f1c2be66264eaa655d20fca3d73) Importer(815301076,1909f56bfc062723c751e8b465ee728b)
Start importing Assets/Assets/DungeonFreeVersion/Textures/_Wall.png using Guid(475f3f1c2be66264eaa655d20fca3d73) Importer(815301076,1909f56bfc062723c751e8b465ee728b)  -> (artifact id: '18907a5bc477ee272019d7da483248ab') in 0.036925 seconds 
========================================================================
Received Import Request.
  Time since last request: 0.427305 seconds.
  path: Assets/Assets/DungeonFreeVersion/Textures/_WallCandles.png
  artifactKey: Guid(79f843043b353194aaef2ca010c4ec61) Importer(815301076,1909f56bfc062723c751e8b465ee728b)
Start importing Assets/Assets/DungeonFreeVersion/Textures/_WallCandles.png using Guid(79f843043b353194aaef2ca010c4ec61) Importer(815301076,1909f56bfc062723c751e8b465ee728b)  -> (artifact id: '56acab31d336a3f06ed38195e6b07b74') in 0.011876 seconds 
========================================================================
Received Prepare
Registering precompiled user dll's ...
Registered in 0.004353 seconds.
Begin MonoManager ReloadAssembly
Symbol file LoadedFromMemory doesn't match image C:\Users\KJW\OneDrive\바탕 화면\Git\last_project\last_project\finalProject\Library\PackageCache\com.unity.visualscripting@1.8.0\Editor\VisualScripting.Core\Dependencies\YamlDotNet\Unity.VisualScripting.YamlDotNet.dll
Symbol file LoadedFromMemory doesn't match image C:\Users\KJW\OneDrive\바탕 화면\Git\last_project\last_project\finalProject\Library\PackageCache\com.unity.visualscripting@1.8.0\Editor\VisualScripting.Core\Dependencies\DotNetZip\Unity.VisualScripting.IonicZip.dll
Native extension for WindowsStandalone target not found
Refreshing native plugins compatible for Editor in 0.39 ms, found 3 plugins.
Preloading 0 native plugins for Editor in 0.00 ms.
Mono: successfully reloaded assembly
- Completed reload, in  0.917 seconds
Domain Reload Profiling:
	ReloadAssembly (917ms)
		BeginReloadAssembly (127ms)
			ExecutionOrderSort (0ms)
			DisableScriptedObjects (3ms)
			BackupInstance (0ms)
			ReleaseScriptingObjects (0ms)
			CreateAndSetChildDomain (28ms)
		EndReloadAssembly (704ms)
			LoadAssemblies (96ms)
			RebuildTransferFunctionScriptingTraits (0ms)
			SetupTypeCache (235ms)
			ReleaseScriptCaches (1ms)
			RebuildScriptCaches (39ms)
			SetupLoadedEditorAssemblies (306ms)
				LogAssemblyErrors (0ms)
				InitializePlatformSupportModulesInManaged (6ms)
				SetLoadedEditorAssemblies (0ms)
				RefreshPlugins (0ms)
				BeforeProcessingInitializeOnLoad (61ms)
				ProcessInitializeOnLoadAttributes (210ms)
				ProcessInitializeOnLoadMethodAttributes (18ms)
				AfterProcessingInitializeOnLoad (9ms)
				EditorAssembliesLoaded (0ms)
			ExecutionOrderSort2 (0ms)
			AwakeInstancesAfterBackupRestoration (12ms)
Platform modules already initialized, skipping
Refreshing native plugins compatible for Editor in 2.00 ms, found 3 plugins.
Preloading 0 native plugins for Editor in 0.00 ms.
Unloading 3215 Unused Serialized files (Serialized files now loaded: 0)
Unloading 18 unused Assets / (150.5 KB). Loaded Objects now: 3720.
Memory consumption went from 119.3 MB to 119.1 MB.
Total: 3.235300 ms (FindLiveObjects: 0.217300 ms CreateObjectMapping: 0.123400 ms MarkObjects: 2.735100 ms  DeleteObjects: 0.158300 ms)

AssetImportParameters requested are different than current active one (requested -> active):
  custom:video-decoder-ogg-theora: a1e56fd34408186e4bbccfd4996cb3dc -> 
  custom:container-muxer-webm: aa71ff27fc2769a1b78a27578f13a17b -> 
  custom:container-demuxer-webm: 4f35f7cbe854078d1ac9338744f61a02 -> 
  custom:video-encoder-webm-vp8: eb34c28f22e8b96e1ab97ce403110664 -> 
  custom:audio-encoder-webm-vorbis: bf7c407c2cedff20999df2af8eb42d56 -> 
  custom:framework-win-MediaFoundation: 216162199b28c13a410421893ffa2e32 -> 
  custom:container-demuxer-ogg: 62fdf1f143b41e24485cea50d1cbac27 -> 
  custom:video-decoder-webm-vp8: 9c59270c3fd7afecdb556c50c9e8de78 -> 
  custom:audio-decoder-ogg-vorbis: bf7c407c2cedff20999df2af8eb42d56 -> 
========================================================================
Received Import Request.
  Time since last request: 116.303316 seconds.
  path: Assets/Assets/DungeonFreeVersion/Prefabs/_Plane.prefab
  artifactKey: Guid(d808a023680252344871efe6c7d1dd1c) Importer(815301076,1909f56bfc062723c751e8b465ee728b)
Start importing Assets/Assets/DungeonFreeVersion/Prefabs/_Plane.prefab using Guid(d808a023680252344871efe6c7d1dd1c) Importer(815301076,1909f56bfc062723c751e8b465ee728b)  -> (artifact id: 'e57c0fc1b003a90f70734db9e53458d7') in 0.059283 seconds 
========================================================================
Received Import Request.
  Time since last request: 3.461097 seconds.
  path: Assets/Assets/DungeonFreeVersion/Prefabs/_WallCandles.prefab
  artifactKey: Guid(5c6ad4bd4d852e247977bbe07e39adb1) Importer(815301076,1909f56bfc062723c751e8b465ee728b)
Start importing Assets/Assets/DungeonFreeVersion/Prefabs/_WallCandles.prefab using Guid(5c6ad4bd4d852e247977bbe07e39adb1) Importer(815301076,1909f56bfc062723c751e8b465ee728b)  -> (artifact id: '86cde6239c195500cb0602988532de08') in 0.021521 seconds 
========================================================================
Received Import Request.
  Time since last request: 4.928548 seconds.
  path: Assets/Assets/DungeonFreeVersion/Prefabs/_Barrel.prefab
  artifactKey: Guid(7a89c72c01f4d8c4796bc426fe28bf40) Importer(815301076,1909f56bfc062723c751e8b465ee728b)
Start importing Assets/Assets/DungeonFreeVersion/Prefabs/_Barrel.prefab using Guid(7a89c72c01f4d8c4796bc426fe28bf40) Importer(815301076,1909f56bfc062723c751e8b465ee728b)  -> (artifact id: '32a4bc8d820d1e97bc7f50ff2531f3bc') in 0.030806 seconds 
========================================================================
Received Import Request.
  Time since last request: 13.337538 seconds.
  path: Assets/Assets/DungeonFreeVersion/Prefabs/_Plane.prefab
  artifactKey: Guid(d808a023680252344871efe6c7d1dd1c) Importer(815301076,1909f56bfc062723c751e8b465ee728b)
Start importing Assets/Assets/DungeonFreeVersion/Prefabs/_Plane.prefab using Guid(d808a023680252344871efe6c7d1dd1c) Importer(815301076,1909f56bfc062723c751e8b465ee728b)  -> (artifact id: '00871affedd939f08573836abd8d7825') in 0.026326 seconds 
========================================================================
Received Import Request.
  Time since last request: 73.616839 seconds.
  path: Assets/Assets/DungeonFreeVersion/Textures/_Box.png
  artifactKey: Guid(5888bce670ae93b41b111ac65ef64f7a) Importer(815301076,1909f56bfc062723c751e8b465ee728b)
Start importing Assets/Assets/DungeonFreeVersion/Textures/_Box.png using Guid(5888bce670ae93b41b111ac65ef64f7a) Importer(815301076,1909f56bfc062723c751e8b465ee728b)  -> (artifact id: '86eb718e9e73aad298f9d2e897989164') in 0.022507 seconds 
========================================================================
Received Import Request.
  Time since last request: 10.511616 seconds.
  path: Assets/Assets/DungeonFreeVersion/Textures/_FireCandle.png
  artifactKey: Guid(c3ec948d2f9b2bf49a623b8c1f26039a) Importer(815301076,1909f56bfc062723c751e8b465ee728b)
Start importing Assets/Assets/DungeonFreeVersion/Textures/_FireCandle.png using Guid(c3ec948d2f9b2bf49a623b8c1f26039a) Importer(815301076,1909f56bfc062723c751e8b465ee728b)  -> (artifact id: '70155de44a084529f6dade5f96585649') in 0.021089 seconds 
========================================================================
Received Import Request.
  Time since last request: 9.522949 seconds.
  path: Assets/Assets/DungeonFreeVersion/Textures/_Floor.png
  artifactKey: Guid(9e71fcace9211b24481df29d99550dc9) Importer(815301076,1909f56bfc062723c751e8b465ee728b)
Start importing Assets/Assets/DungeonFreeVersion/Textures/_Floor.png using Guid(9e71fcace9211b24481df29d99550dc9) Importer(815301076,1909f56bfc062723c751e8b465ee728b)  -> (artifact id: '2984b285b39ab19245963895c1d7d6b1') in 0.013506 seconds 
========================================================================
Received Import Request.
  Time since last request: 0.750227 seconds.
  path: Assets/Assets/DungeonFreeVersion/Textures/_Ladder.png
  artifactKey: Guid(483438a03277db54ea541ac221424057) Importer(815301076,1909f56bfc062723c751e8b465ee728b)
Start importing Assets/Assets/DungeonFreeVersion/Textures/_Ladder.png using Guid(483438a03277db54ea541ac221424057) Importer(815301076,1909f56bfc062723c751e8b465ee728b)  -> (artifact id: '022c26a3c27c2aed3068f1621609e3c8') in 0.011583 seconds 
========================================================================
Received Import Request.
  Time since last request: 61.091831 seconds.
  path: Assets/Assets/DungeonFreeVersion/Prefabs/_Plane.prefab
  artifactKey: Guid(d808a023680252344871efe6c7d1dd1c) Importer(815301076,1909f56bfc062723c751e8b465ee728b)
Start importing Assets/Assets/DungeonFreeVersion/Prefabs/_Plane.prefab using Guid(d808a023680252344871efe6c7d1dd1c) Importer(815301076,1909f56bfc062723c751e8b465ee728b)  -> (artifact id: '068f86042a809e95f14b48c511cadf1f') in 0.042130 seconds 
========================================================================
Received Import Request.
  Time since last request: 2.096323 seconds.
  path: Assets/Assets/DungeonFreeVersion/Prefabs/_Plane.prefab
  artifactKey: Guid(d808a023680252344871efe6c7d1dd1c) Importer(815301076,1909f56bfc062723c751e8b465ee728b)
Start importing Assets/Assets/DungeonFreeVersion/Prefabs/_Plane.prefab using Guid(d808a023680252344871efe6c7d1dd1c) Importer(815301076,1909f56bfc062723c751e8b465ee728b)  -> (artifact id: 'c2d8cd5c9472c52f4443ac9c541c5ddc') in 0.029764 seconds 
========================================================================
Received Prepare
Registering precompiled user dll's ...
Registered in 0.004697 seconds.
Begin MonoManager ReloadAssembly
Symbol file LoadedFromMemory doesn't match image C:\Users\KJW\OneDrive\바탕 화면\Git\last_project\last_project\finalProject\Library\PackageCache\com.unity.visualscripting@1.8.0\Editor\VisualScripting.Core\Dependencies\YamlDotNet\Unity.VisualScripting.YamlDotNet.dll
Symbol file LoadedFromMemory doesn't match image C:\Users\KJW\OneDrive\바탕 화면\Git\last_project\last_project\finalProject\Library\PackageCache\com.unity.visualscripting@1.8.0\Editor\VisualScripting.Core\Dependencies\DotNetZip\Unity.VisualScripting.IonicZip.dll
Native extension for WindowsStandalone target not found
Refreshing native plugins compatible for Editor in 0.36 ms, found 3 plugins.
Preloading 0 native plugins for Editor in 0.00 ms.
Mono: successfully reloaded assembly
- Completed reload, in  0.886 seconds
Domain Reload Profiling:
	ReloadAssembly (886ms)
		BeginReloadAssembly (123ms)
			ExecutionOrderSort (0ms)
			DisableScriptedObjects (2ms)
			BackupInstance (0ms)
			ReleaseScriptingObjects (0ms)
			CreateAndSetChildDomain (29ms)
		EndReloadAssembly (688ms)
			LoadAssemblies (85ms)
			RebuildTransferFunctionScriptingTraits (0ms)
			SetupTypeCache (234ms)
			ReleaseScriptCaches (1ms)
			RebuildScriptCaches (38ms)
			SetupLoadedEditorAssemblies (296ms)
				LogAssemblyErrors (0ms)
				InitializePlatformSupportModulesInManaged (6ms)
				SetLoadedEditorAssemblies (0ms)
				RefreshPlugins (0ms)
				BeforeProcessingInitializeOnLoad (59ms)
				ProcessInitializeOnLoadAttributes (203ms)
				ProcessInitializeOnLoadMethodAttributes (18ms)
				AfterProcessingInitializeOnLoad (8ms)
				EditorAssembliesLoaded (0ms)
			ExecutionOrderSort2 (0ms)
			AwakeInstancesAfterBackupRestoration (11ms)
Platform modules already initialized, skipping
Refreshing native plugins compatible for Editor in 1.73 ms, found 3 plugins.
Preloading 0 native plugins for Editor in 0.00 ms.
Unloading 3215 Unused Serialized files (Serialized files now loaded: 0)
Unloading 18 unused Assets / (150.5 KB). Loaded Objects now: 3735.
Memory consumption went from 119.3 MB to 119.2 MB.
Total: 2.669200 ms (FindLiveObjects: 0.163900 ms CreateObjectMapping: 0.065800 ms MarkObjects: 2.366200 ms  DeleteObjects: 0.072300 ms)

AssetImportParameters requested are different than current active one (requested -> active):
  custom:video-decoder-ogg-theora: a1e56fd34408186e4bbccfd4996cb3dc -> 
  custom:container-muxer-webm: aa71ff27fc2769a1b78a27578f13a17b -> 
  custom:container-demuxer-webm: 4f35f7cbe854078d1ac9338744f61a02 -> 
  custom:video-encoder-webm-vp8: eb34c28f22e8b96e1ab97ce403110664 -> 
  custom:audio-encoder-webm-vorbis: bf7c407c2cedff20999df2af8eb42d56 -> 
  custom:framework-win-MediaFoundation: 216162199b28c13a410421893ffa2e32 -> 
  custom:container-demuxer-ogg: 62fdf1f143b41e24485cea50d1cbac27 -> 
  custom:video-decoder-webm-vp8: 9c59270c3fd7afecdb556c50c9e8de78 -> 
  custom:audio-decoder-ogg-vorbis: bf7c407c2cedff20999df2af8eb42d56 -> 
========================================================================
Received Prepare
Registering precompiled user dll's ...
Registered in 0.004818 seconds.
Begin MonoManager ReloadAssembly
Symbol file LoadedFromMemory doesn't match image C:\Users\KJW\OneDrive\바탕 화면\Git\last_project\last_project\finalProject\Library\PackageCache\com.unity.visualscripting@1.8.0\Editor\VisualScripting.Core\Dependencies\YamlDotNet\Unity.VisualScripting.YamlDotNet.dll
Symbol file LoadedFromMemory doesn't match image C:\Users\KJW\OneDrive\바탕 화면\Git\last_project\last_project\finalProject\Library\PackageCache\com.unity.visualscripting@1.8.0\Editor\VisualScripting.Core\Dependencies\DotNetZip\Unity.VisualScripting.IonicZip.dll
Native extension for WindowsStandalone target not found
Refreshing native plugins compatible for Editor in 0.36 ms, found 3 plugins.
Preloading 0 native plugins for Editor in 0.00 ms.
Mono: successfully reloaded assembly
- Completed reload, in  0.899 seconds
Domain Reload Profiling:
	ReloadAssembly (899ms)
		BeginReloadAssembly (124ms)
			ExecutionOrderSort (0ms)
			DisableScriptedObjects (3ms)
			BackupInstance (0ms)
			ReleaseScriptingObjects (0ms)
			CreateAndSetChildDomain (28ms)
		EndReloadAssembly (688ms)
			LoadAssemblies (86ms)
			RebuildTransferFunctionScriptingTraits (0ms)
			SetupTypeCache (229ms)
			ReleaseScriptCaches (1ms)
			RebuildScriptCaches (37ms)
			SetupLoadedEditorAssemblies (298ms)
				LogAssemblyErrors (0ms)
				InitializePlatformSupportModulesInManaged (5ms)
				SetLoadedEditorAssemblies (1ms)
				RefreshPlugins (0ms)
				BeforeProcessingInitializeOnLoad (56ms)
				ProcessInitializeOnLoadAttributes (208ms)
				ProcessInitializeOnLoadMethodAttributes (19ms)
				AfterProcessingInitializeOnLoad (8ms)
				EditorAssembliesLoaded (0ms)
			ExecutionOrderSort2 (0ms)
			AwakeInstancesAfterBackupRestoration (11ms)
Platform modules already initialized, skipping
Refreshing native plugins compatible for Editor in 1.85 ms, found 3 plugins.
Preloading 0 native plugins for Editor in 0.00 ms.
Unloading 3215 Unused Serialized files (Serialized files now loaded: 0)
Unloading 18 unused Assets / (150.4 KB). Loaded Objects now: 3750.
Memory consumption went from 119.3 MB to 119.2 MB.
Total: 2.336800 ms (FindLiveObjects: 0.171400 ms CreateObjectMapping: 0.064600 ms MarkObjects: 2.021900 ms  DeleteObjects: 0.078100 ms)

AssetImportParameters requested are different than current active one (requested -> active):
  custom:video-decoder-ogg-theora: a1e56fd34408186e4bbccfd4996cb3dc -> 
  custom:container-muxer-webm: aa71ff27fc2769a1b78a27578f13a17b -> 
  custom:container-demuxer-webm: 4f35f7cbe854078d1ac9338744f61a02 -> 
  custom:video-encoder-webm-vp8: eb34c28f22e8b96e1ab97ce403110664 -> 
  custom:audio-encoder-webm-vorbis: bf7c407c2cedff20999df2af8eb42d56 -> 
  custom:framework-win-MediaFoundation: 216162199b28c13a410421893ffa2e32 -> 
  custom:container-demuxer-ogg: 62fdf1f143b41e24485cea50d1cbac27 -> 
  custom:video-decoder-webm-vp8: 9c59270c3fd7afecdb556c50c9e8de78 -> 
  custom:audio-decoder-ogg-vorbis: bf7c407c2cedff20999df2af8eb42d56 -> 
========================================================================
Received Import Request.
  Time since last request: 3576.336610 seconds.
  path: Assets/Hovl Studio/Magic effects pack
  artifactKey: Guid(ccaf0d0261bfcfe4f874cb02d8931eb9) Importer(815301076,1909f56bfc062723c751e8b465ee728b)
Start importing Assets/Hovl Studio/Magic effects pack using Guid(ccaf0d0261bfcfe4f874cb02d8931eb9) Importer(815301076,1909f56bfc062723c751e8b465ee728b)  -> (artifact id: 'c9e48a4f2661ea2b8189c5cdf383e52d') in 0.026679 seconds 
========================================================================
Received Import Request.
  Time since last request: 1.751054 seconds.
  path: Assets/Hovl Studio/Magic effects pack/Demo scene
  artifactKey: Guid(44e83fc5854cef9499372056eb3818f0) Importer(815301076,1909f56bfc062723c751e8b465ee728b)
Start importing Assets/Hovl Studio/Magic effects pack/Demo scene using Guid(44e83fc5854cef9499372056eb3818f0) Importer(815301076,1909f56bfc062723c751e8b465ee728b)  -> (artifact id: '169ac83d0e51f2d36b0928284b996ba9') in 0.008064 seconds 
========================================================================
Received Import Request.
  Time since last request: 1.404787 seconds.
  path: Assets/Hovl Studio/Magic effects pack/Materials
  artifactKey: Guid(a342b6520836d4e40bf3cae8acbccd18) Importer(815301076,1909f56bfc062723c751e8b465ee728b)
Start importing Assets/Hovl Studio/Magic effects pack/Materials using Guid(a342b6520836d4e40bf3cae8acbccd18) Importer(815301076,1909f56bfc062723c751e8b465ee728b)  -> (artifact id: '55896dc672df433c29e0eb1aabcb622e') in 0.007314 seconds 
========================================================================
Received Import Request.
  Time since last request: 0.370464 seconds.
  path: Assets/Hovl Studio/Magic effects pack/Models
  artifactKey: Guid(ad4081446914afa4e94efff5e5b27056) Importer(815301076,1909f56bfc062723c751e8b465ee728b)
Start importing Assets/Hovl Studio/Magic effects pack/Models using Guid(ad4081446914afa4e94efff5e5b27056) Importer(815301076,1909f56bfc062723c751e8b465ee728b)  -> (artifact id: '381689102c125d03f1883ccfc4a8e4b0') in 0.007454 seconds 
========================================================================
Received Import Request.
  Time since last request: 0.444671 seconds.
  path: Assets/Hovl Studio/Magic effects pack/Prefabs
  artifactKey: Guid(30f354b2984b43147b902803fe8a4ce7) Importer(815301076,1909f56bfc062723c751e8b465ee728b)
Start importing Assets/Hovl Studio/Magic effects pack/Prefabs using Guid(30f354b2984b43147b902803fe8a4ce7) Importer(815301076,1909f56bfc062723c751e8b465ee728b)  -> (artifact id: '151eb4e0683c5f94695f719ac617c8be') in 0.007318 seconds 
========================================================================
Received Import Request.
  Time since last request: 0.889701 seconds.
  path: Assets/Hovl Studio/Magic effects pack/Prefabs/AoE effects
  artifactKey: Guid(f0e78b2e61a2b2f40bf0a0be9e842772) Importer(815301076,1909f56bfc062723c751e8b465ee728b)
Start importing Assets/Hovl Studio/Magic effects pack/Prefabs/AoE effects using Guid(f0e78b2e61a2b2f40bf0a0be9e842772) Importer(815301076,1909f56bfc062723c751e8b465ee728b)  -> (artifact id: 'caf2f89897c7dba0c95cd9eed73f4601') in 0.007681 seconds 
========================================================================
Received Import Request.
  Time since last request: 0.807639 seconds.
  path: Assets/Hovl Studio/Magic effects pack/Prefabs/AoE effects/AoE slash blue.prefab
  artifactKey: Guid(035ce8c9cfc34104991ce416daf8aebe) Importer(815301076,1909f56bfc062723c751e8b465ee728b)
Start importing Assets/Hovl Studio/Magic effects pack/Prefabs/AoE effects/AoE slash blue.prefab using Guid(035ce8c9cfc34104991ce416daf8aebe) Importer(815301076,1909f56bfc062723c751e8b465ee728b)  -> (artifact id: '7193a824fa7064b073ecb59d940fb644') in 0.236841 seconds 
========================================================================
Received Import Request.
  Time since last request: 10.061540 seconds.
  path: Assets/Hovl Studio/Magic effects pack/Prefabs/AoE effects/AoE slash green.prefab
  artifactKey: Guid(8a43d9f68490c374a93a9e8085555c02) Importer(815301076,1909f56bfc062723c751e8b465ee728b)
Start importing Assets/Hovl Studio/Magic effects pack/Prefabs/AoE effects/AoE slash green.prefab using Guid(8a43d9f68490c374a93a9e8085555c02) Importer(815301076,1909f56bfc062723c751e8b465ee728b)  -> (artifact id: '6f7e7b0f7fa47af79ca24f6c7f6eae48') in 0.019971 seconds 
========================================================================
Received Import Request.
  Time since last request: 4.085472 seconds.
  path: Assets/Hovl Studio/Magic effects pack/Prefabs/AoE effects/AoE slash orange.prefab
  artifactKey: Guid(1336648bc1d8baf46a4515860950c9d4) Importer(815301076,1909f56bfc062723c751e8b465ee728b)
Start importing Assets/Hovl Studio/Magic effects pack/Prefabs/AoE effects/AoE slash orange.prefab using Guid(1336648bc1d8baf46a4515860950c9d4) Importer(815301076,1909f56bfc062723c751e8b465ee728b)  -> (artifact id: '7abdd508e3376472c0f556649144b82e') in 0.023515 seconds 
========================================================================
Received Import Request.
  Time since last request: 0.747200 seconds.
  path: Assets/Hovl Studio/Magic effects pack/Prefabs/AoE effects/Laser AOE.prefab
  artifactKey: Guid(4d3c8045dd8857a4b8d34c2361c61045) Importer(815301076,1909f56bfc062723c751e8b465ee728b)
Start importing Assets/Hovl Studio/Magic effects pack/Prefabs/AoE effects/Laser AOE.prefab using Guid(4d3c8045dd8857a4b8d34c2361c61045) Importer(815301076,1909f56bfc062723c751e8b465ee728b)  -> (artifact id: '228c1c15966ed6b539e140f338f68d7c') in 0.067443 seconds 
========================================================================
Received Import Request.
  Time since last request: 2.788147 seconds.
  path: Assets/Hovl Studio/Magic effects pack/Prefabs/AoE effects/Meteors AOE.prefab
  artifactKey: Guid(3355f6bfa6db8b24281b827de929694c) Importer(815301076,1909f56bfc062723c751e8b465ee728b)
Start importing Assets/Hovl Studio/Magic effects pack/Prefabs/AoE effects/Meteors AOE.prefab using Guid(3355f6bfa6db8b24281b827de929694c) Importer(815301076,1909f56bfc062723c751e8b465ee728b)  -> (artifact id: '51d7dfb663d360d527dd4612a7d592cf') in 0.022110 seconds 
========================================================================
Received Import Request.
  Time since last request: 2.115662 seconds.
  path: Assets/Hovl Studio/Magic effects pack/Prefabs/AoE effects/Red energy explosion.prefab
  artifactKey: Guid(867c572a5be680d42a042d2349f10143) Importer(815301076,1909f56bfc062723c751e8b465ee728b)
Start importing Assets/Hovl Studio/Magic effects pack/Prefabs/AoE effects/Red energy explosion.prefab using Guid(867c572a5be680d42a042d2349f10143) Importer(815301076,1909f56bfc062723c751e8b465ee728b)  -> (artifact id: '1c326b4232065d84478f29b02638f4dd') in 0.024607 seconds 
========================================================================
Received Import Request.
  Time since last request: 1.257636 seconds.
  path: Assets/Hovl Studio/Magic effects pack/Prefabs/AoE effects/Snow AOE.prefab
  artifactKey: Guid(05ce920d629922a4eb4795ef7494ce5c) Importer(815301076,1909f56bfc062723c751e8b465ee728b)
Start importing Assets/Hovl Studio/Magic effects pack/Prefabs/AoE effects/Snow AOE.prefab using Guid(05ce920d629922a4eb4795ef7494ce5c) Importer(815301076,1909f56bfc062723c751e8b465ee728b)  -> (artifact id: 'bf0b5abf78ade864889c4c43d85141d6') in 0.018568 seconds 
========================================================================
Received Import Request.
  Time since last request: 6.229431 seconds.
  path: Assets/Hovl Studio/Magic effects pack/Prefabs/Hits and explosions/Electro hit.prefab
  artifactKey: Guid(a164e676dbbd6e54587237e619372c98) Importer(815301076,1909f56bfc062723c751e8b465ee728b)
Start importing Assets/Hovl Studio/Magic effects pack/Prefabs/Hits and explosions/Electro hit.prefab using Guid(a164e676dbbd6e54587237e619372c98) Importer(815301076,1909f56bfc062723c751e8b465ee728b)  -> (artifact id: '81cb3c80e435e9209eecaf00b182c2dd') in 0.015980 seconds 
========================================================================
Received Import Request.
  Time since last request: 0.827454 seconds.
  path: Assets/Hovl Studio/Magic effects pack/Prefabs/Hits and explosions/Explosion.prefab
  artifactKey: Guid(8eb503696b886e04faff8fc0f480d473) Importer(815301076,1909f56bfc062723c751e8b465ee728b)
Start importing Assets/Hovl Studio/Magic effects pack/Prefabs/Hits and explosions/Explosion.prefab using Guid(8eb503696b886e04faff8fc0f480d473) Importer(815301076,1909f56bfc062723c751e8b465ee728b)  -> (artifact id: 'aa15e986d394a66d07dd8319d7331cc1') in 0.018314 seconds 
========================================================================
Received Import Request.
  Time since last request: 1.869139 seconds.
  path: Assets/Hovl Studio/Magic effects pack/Prefabs/Character auras/Debuff.prefab
  artifactKey: Guid(a58aa9a78f2b45b45bb0f3e2e1e3ad3c) Importer(815301076,1909f56bfc062723c751e8b465ee728b)
Start importing Assets/Hovl Studio/Magic effects pack/Prefabs/Character auras/Debuff.prefab using Guid(a58aa9a78f2b45b45bb0f3e2e1e3ad3c) Importer(815301076,1909f56bfc062723c751e8b465ee728b)  -> (artifact id: 'd7b20030eb013d8ec6aa016d1f9ffecd') in 0.019215 seconds 
========================================================================
Received Import Request.
  Time since last request: 0.705534 seconds.
  path: Assets/Hovl Studio/Magic effects pack/Prefabs/Character auras/Healing.prefab
  artifactKey: Guid(1245b8d2997d5b34fb1637be70a7eb05) Importer(815301076,1909f56bfc062723c751e8b465ee728b)
Start importing Assets/Hovl Studio/Magic effects pack/Prefabs/Character auras/Healing.prefab using Guid(1245b8d2997d5b34fb1637be70a7eb05) Importer(815301076,1909f56bfc062723c751e8b465ee728b)  -> (artifact id: '1eac090a8ffe6ba21cbd5ab35424047e') in 0.020059 seconds 
========================================================================
Received Import Request.
  Time since last request: 1.124476 seconds.
  path: Assets/Hovl Studio/Magic effects pack/Prefabs/Character auras/Love aura.prefab
  artifactKey: Guid(43d1d06cf70fcb2488255051aaae40a5) Importer(815301076,1909f56bfc062723c751e8b465ee728b)
Start importing Assets/Hovl Studio/Magic effects pack/Prefabs/Character auras/Love aura.prefab using Guid(43d1d06cf70fcb2488255051aaae40a5) Importer(815301076,1909f56bfc062723c751e8b465ee728b)  -> (artifact id: 'dcc41467227605512073e90483e8db6e') in 0.016799 seconds 
========================================================================
Received Import Request.
  Time since last request: 0.822210 seconds.
  path: Assets/Hovl Studio/Magic effects pack/Prefabs/Character auras/Star aura.prefab
  artifactKey: Guid(354b6251e950209409c75ab984acf000) Importer(815301076,1909f56bfc062723c751e8b465ee728b)
Start importing Assets/Hovl Studio/Magic effects pack/Prefabs/Character auras/Star aura.prefab using Guid(354b6251e950209409c75ab984acf000) Importer(815301076,1909f56bfc062723c751e8b465ee728b)  -> (artifact id: 'c9b440965bf2210df2cbd45dd63959a8') in 0.019456 seconds 
========================================================================
Received Import Request.
  Time since last request: 2.227436 seconds.
  path: Assets/Hovl Studio/Magic effects pack/Prefabs/Magic circles/Magic circle.prefab
  artifactKey: Guid(a2a060732547fe64581bb0cb3c2bdf1d) Importer(815301076,1909f56bfc062723c751e8b465ee728b)
Start importing Assets/Hovl Studio/Magic effects pack/Prefabs/Magic circles/Magic circle.prefab using Guid(a2a060732547fe64581bb0cb3c2bdf1d) Importer(815301076,1909f56bfc062723c751e8b465ee728b)  -> (artifact id: '4878e726ace46eb322a5ce87844df1ff') in 0.026750 seconds 
========================================================================
Received Import Request.
  Time since last request: 1.070616 seconds.
  path: Assets/Hovl Studio/Magic effects pack/Prefabs/Magic circles/Magic circle 2.prefab
  artifactKey: Guid(48c5715f9603c3842a353516a8baefbb) Importer(815301076,1909f56bfc062723c751e8b465ee728b)
Start importing Assets/Hovl Studio/Magic effects pack/Prefabs/Magic circles/Magic circle 2.prefab using Guid(48c5715f9603c3842a353516a8baefbb) Importer(815301076,1909f56bfc062723c751e8b465ee728b)  -> (artifact id: '3ae12a304720500f6486ac94d06b6c53') in 0.021938 seconds 
========================================================================
Received Import Request.
  Time since last request: 0.686100 seconds.
  path: Assets/Hovl Studio/Magic effects pack/Prefabs/Magic circles/Freeze circle.prefab
  artifactKey: Guid(0e5709a7ddb77924090c112cf73bb98a) Importer(815301076,1909f56bfc062723c751e8b465ee728b)
Start importing Assets/Hovl Studio/Magic effects pack/Prefabs/Magic circles/Freeze circle.prefab using Guid(0e5709a7ddb77924090c112cf73bb98a) Importer(815301076,1909f56bfc062723c751e8b465ee728b)  -> (artifact id: '71418edac79af924acd85a3bf41ed417') in 0.023768 seconds 
========================================================================
Received Import Request.
  Time since last request: 2.104686 seconds.
  path: Assets/Hovl Studio/Magic effects pack/Prefabs/Magic shields/Magic shield yellow.prefab
  artifactKey: Guid(d2ffbc8b168cdf74a9dbb7c6c1cfdf2f) Importer(815301076,1909f56bfc062723c751e8b465ee728b)
Start importing Assets/Hovl Studio/Magic effects pack/Prefabs/Magic shields/Magic shield yellow.prefab using Guid(d2ffbc8b168cdf74a9dbb7c6c1cfdf2f) Importer(815301076,1909f56bfc062723c751e8b465ee728b)  -> (artifact id: 'a0d669d629bda152599d96649a8c605d') in 0.021718 seconds 
========================================================================
Received Import Request.
  Time since last request: 2.423872 seconds.
  path: Assets/Hovl Studio/Magic effects pack/Prefabs/Portals/Portal red.prefab
  artifactKey: Guid(52c7d057cba585641bb68312c10d7791) Importer(815301076,1909f56bfc062723c751e8b465ee728b)
Start importing Assets/Hovl Studio/Magic effects pack/Prefabs/Portals/Portal red.prefab using Guid(52c7d057cba585641bb68312c10d7791) Importer(815301076,1909f56bfc062723c751e8b465ee728b)  -> (artifact id: '1cd2ba973a855ecbfce3bf25600ff95c') in 0.050457 seconds 
========================================================================
Received Import Request.
  Time since last request: 1.925159 seconds.
  path: Assets/Hovl Studio/Magic effects pack/Prefabs/Portals/Portal green.prefab
  artifactKey: Guid(13c990b8270c70b4c9f196019286028c) Importer(815301076,1909f56bfc062723c751e8b465ee728b)
Start importing Assets/Hovl Studio/Magic effects pack/Prefabs/Portals/Portal green.prefab using Guid(13c990b8270c70b4c9f196019286028c) Importer(815301076,1909f56bfc062723c751e8b465ee728b)  -> (artifact id: 'b4e1851415880c089d005cbd856fa4fd') in 0.020829 seconds 
========================================================================
Received Import Request.
  Time since last request: 0.583803 seconds.
  path: Assets/Hovl Studio/Magic effects pack/Prefabs/Portals/Portal yellow.prefab
  artifactKey: Guid(5ad33d58a66ab154a89c9e88255601e5) Importer(815301076,1909f56bfc062723c751e8b465ee728b)
Start importing Assets/Hovl Studio/Magic effects pack/Prefabs/Portals/Portal yellow.prefab using Guid(5ad33d58a66ab154a89c9e88255601e5) Importer(815301076,1909f56bfc062723c751e8b465ee728b)  -> (artifact id: '4e8fab6750fa981b3c8016502e61c518') in 0.019135 seconds 
========================================================================
Received Import Request.
  Time since last request: 3.601647 seconds.
  path: Assets/Hovl Studio/Magic effects pack/Prefabs/Slash effects/Charge slash purple.prefab
  artifactKey: Guid(df9374346b76e444dbbb2b019de4da25) Importer(815301076,1909f56bfc062723c751e8b465ee728b)
Start importing Assets/Hovl Studio/Magic effects pack/Prefabs/Slash effects/Charge slash purple.prefab using Guid(df9374346b76e444dbbb2b019de4da25) Importer(815301076,1909f56bfc062723c751e8b465ee728b)  -> (artifact id: '36729bc0fcfb7b200ecc40177c891d3f') in 0.019774 seconds 
========================================================================
Received Import Request.
  Time since last request: 3.677075 seconds.
  path: Assets/Hovl Studio/Magic effects pack/Prefabs/Slash effects/Electro slash.prefab
  artifactKey: Guid(4aa9f30a28a77224ba84b2a2c334c71b) Importer(815301076,1909f56bfc062723c751e8b465ee728b)
Start importing Assets/Hovl Studio/Magic effects pack/Prefabs/Slash effects/Electro slash.prefab using Guid(4aa9f30a28a77224ba84b2a2c334c71b) Importer(815301076,1909f56bfc062723c751e8b465ee728b)  -> (artifact id: '5a45e564f595a97a56007398d189eacb') in 0.019421 seconds 
========================================================================
Received Import Request.
  Time since last request: 3.822680 seconds.
  path: Assets/Hovl Studio/Magic effects pack/Prefabs/Slash effects/Snow slash.prefab
  artifactKey: Guid(ca6705a3f9070d14d819d179493bcfa0) Importer(815301076,1909f56bfc062723c751e8b465ee728b)
Start importing Assets/Hovl Studio/Magic effects pack/Prefabs/Slash effects/Snow slash.prefab using Guid(ca6705a3f9070d14d819d179493bcfa0) Importer(815301076,1909f56bfc062723c751e8b465ee728b)  -> (artifact id: '8eae67aed6c06fd1eda47a48019453ac') in 0.018437 seconds 
========================================================================
Received Import Request.
  Time since last request: 1.394036 seconds.
  path: Assets/Hovl Studio/Magic effects pack/Prefabs/Slash effects/Charge slash red.prefab
  artifactKey: Guid(000832214335ffd4782827d2a4510f4a) Importer(815301076,1909f56bfc062723c751e8b465ee728b)
Start importing Assets/Hovl Studio/Magic effects pack/Prefabs/Slash effects/Charge slash red.prefab using Guid(000832214335ffd4782827d2a4510f4a) Importer(815301076,1909f56bfc062723c751e8b465ee728b)  -> (artifact id: '1cc4068003a07a9bd7879e89316d4006') in 0.019002 seconds 
========================================================================
Received Import Request.
  Time since last request: 19.835120 seconds.
  path: Assets/Hovl Studio/Magic effects pack/Prefabs/Slash effects/Stone slash.prefab
  artifactKey: Guid(3407e378c048bb5438424b28c7740b48) Importer(815301076,1909f56bfc062723c751e8b465ee728b)
Start importing Assets/Hovl Studio/Magic effects pack/Prefabs/Slash effects/Stone slash.prefab using Guid(3407e378c048bb5438424b28c7740b48) Importer(815301076,1909f56bfc062723c751e8b465ee728b)  -> (artifact id: '84f37e93a83406b6ec74fa92f1456e95') in 0.017160 seconds 
========================================================================
Received Import Request.
  Time since last request: 1.445336 seconds.
  path: Assets/Hovl Studio/Magic effects pack/Materials/Snowflake.mat
  artifactKey: Guid(110e8ef5ba5275f4c864c6b5190c7891) Importer(815301076,1909f56bfc062723c751e8b465ee728b)
Start importing Assets/Hovl Studio/Magic effects pack/Materials/Snowflake.mat using Guid(110e8ef5ba5275f4c864c6b5190c7891) Importer(815301076,1909f56bfc062723c751e8b465ee728b)  -> (artifact id: '7d31cdbdd658a04b1a539628464790e1') in 0.034957 seconds 
========================================================================
Received Import Request.
  Time since last request: 172.769114 seconds.
  path: Assets/Hovl Studio/Magic effects pack/Prefabs/Slash effects/Snow slash.prefab
  artifactKey: Guid(ca6705a3f9070d14d819d179493bcfa0) Importer(815301076,1909f56bfc062723c751e8b465ee728b)
Start importing Assets/Hovl Studio/Magic effects pack/Prefabs/Slash effects/Snow slash.prefab using Guid(ca6705a3f9070d14d819d179493bcfa0) Importer(815301076,1909f56bfc062723c751e8b465ee728b)  -> (artifact id: '4f64090919030c7f2cb46e58ee453918') in 0.019764 seconds 
========================================================================
Received Import Request.
  Time since last request: 14.543562 seconds.
  path: Assets/Prefab/Bullets/Player Bullet/Snow slash.prefab
  artifactKey: Guid(8a470fa0077146e419d4d2462fb9f9aa) Importer(815301076,1909f56bfc062723c751e8b465ee728b)
Start importing Assets/Prefab/Bullets/Player Bullet/Snow slash.prefab using Guid(8a470fa0077146e419d4d2462fb9f9aa) Importer(815301076,1909f56bfc062723c751e8b465ee728b)  -> (artifact id: '558932eb178623d56d5a61fddc22f87c') in 0.011456 seconds 
========================================================================
Received Import Request.
  Time since last request: 10.172952 seconds.
  path: Assets/Prefab/Bullets/Player Bullet/Snow slash.prefab
  artifactKey: Guid(8a470fa0077146e419d4d2462fb9f9aa) Importer(815301076,1909f56bfc062723c751e8b465ee728b)
Start importing Assets/Prefab/Bullets/Player Bullet/Snow slash.prefab using Guid(8a470fa0077146e419d4d2462fb9f9aa) Importer(815301076,1909f56bfc062723c751e8b465ee728b)  -> (artifact id: '206183789cf3cdb92f686e85df51baa6') in 0.013222 seconds 
========================================================================
Received Import Request.
  Time since last request: 7.726911 seconds.
  path: Assets/Prefab/Bullets/Player Bullet/Snow slash.prefab
  artifactKey: Guid(8a470fa0077146e419d4d2462fb9f9aa) Importer(815301076,1909f56bfc062723c751e8b465ee728b)
Start importing Assets/Prefab/Bullets/Player Bullet/Snow slash.prefab using Guid(8a470fa0077146e419d4d2462fb9f9aa) Importer(815301076,1909f56bfc062723c751e8b465ee728b)  -> (artifact id: '9ce061d626b412892d418f97add07b10') in 0.020358 seconds 
========================================================================
Received Import Request.
  Time since last request: 0.574994 seconds.
  path: Assets/Prefab/Bullets/Player Bullet/Snow slash.prefab
  artifactKey: Guid(8a470fa0077146e419d4d2462fb9f9aa) Importer(815301076,1909f56bfc062723c751e8b465ee728b)
Start importing Assets/Prefab/Bullets/Player Bullet/Snow slash.prefab using Guid(8a470fa0077146e419d4d2462fb9f9aa) Importer(815301076,1909f56bfc062723c751e8b465ee728b)  -> (artifact id: 'c6756636862f2a722b959bf263ff82c0') in 0.012781 seconds 
========================================================================
Received Import Request.
  Time since last request: 0.189883 seconds.
  path: Assets/Prefab/Bullets/Player Bullet/Snow slash.prefab
  artifactKey: Guid(8a470fa0077146e419d4d2462fb9f9aa) Importer(815301076,1909f56bfc062723c751e8b465ee728b)
Start importing Assets/Prefab/Bullets/Player Bullet/Snow slash.prefab using Guid(8a470fa0077146e419d4d2462fb9f9aa) Importer(815301076,1909f56bfc062723c751e8b465ee728b)  -> (artifact id: '6f04cf734563dc0c0e76d58bcfc40de6') in 0.010610 seconds 
========================================================================
Received Import Request.
  Time since last request: 0.393366 seconds.
  path: Assets/Prefab/Bullets/Player Bullet/Snow slash.prefab
  artifactKey: Guid(8a470fa0077146e419d4d2462fb9f9aa) Importer(815301076,1909f56bfc062723c751e8b465ee728b)
Start importing Assets/Prefab/Bullets/Player Bullet/Snow slash.prefab using Guid(8a470fa0077146e419d4d2462fb9f9aa) Importer(815301076,1909f56bfc062723c751e8b465ee728b)  -> (artifact id: 'e5eed95c9b6e71172a386ae5d17cd21f') in 0.013255 seconds 
========================================================================
Received Import Request.
  Time since last request: 0.177199 seconds.
  path: Assets/Prefab/Bullets/Player Bullet/Snow slash.prefab
  artifactKey: Guid(8a470fa0077146e419d4d2462fb9f9aa) Importer(815301076,1909f56bfc062723c751e8b465ee728b)
Start importing Assets/Prefab/Bullets/Player Bullet/Snow slash.prefab using Guid(8a470fa0077146e419d4d2462fb9f9aa) Importer(815301076,1909f56bfc062723c751e8b465ee728b)  -> (artifact id: '2499ca41a8a300f187770613a2782ec0') in 0.012418 seconds 
========================================================================
Received Import Request.
  Time since last request: 35.949174 seconds.
  path: Assets/Prefab/Bullets/Player Bullet/Snow slash.prefab
  artifactKey: Guid(8a470fa0077146e419d4d2462fb9f9aa) Importer(815301076,1909f56bfc062723c751e8b465ee728b)
Start importing Assets/Prefab/Bullets/Player Bullet/Snow slash.prefab using Guid(8a470fa0077146e419d4d2462fb9f9aa) Importer(815301076,1909f56bfc062723c751e8b465ee728b)  -> (artifact id: '7c1db76c921a1db67d5e2ed7226986fd') in 0.013639 seconds 
========================================================================
Received Prepare
Registering precompiled user dll's ...
Registered in 0.007104 seconds.
Begin MonoManager ReloadAssembly
Symbol file LoadedFromMemory doesn't match image C:\Users\KJW\OneDrive\바탕 화면\Git\last_project\last_project\finalProject\Library\PackageCache\com.unity.visualscripting@1.8.0\Editor\VisualScripting.Core\Dependencies\YamlDotNet\Unity.VisualScripting.YamlDotNet.dll
Symbol file LoadedFromMemory doesn't match image C:\Users\KJW\OneDrive\바탕 화면\Git\last_project\last_project\finalProject\Library\PackageCache\com.unity.visualscripting@1.8.0\Editor\VisualScripting.Core\Dependencies\DotNetZip\Unity.VisualScripting.IonicZip.dll
Native extension for WindowsStandalone target not found
Refreshing native plugins compatible for Editor in 0.51 ms, found 3 plugins.
Preloading 0 native plugins for Editor in 0.00 ms.
Mono: successfully reloaded assembly
- Completed reload, in  0.998 seconds
Domain Reload Profiling:
	ReloadAssembly (998ms)
		BeginReloadAssembly (166ms)
			ExecutionOrderSort (0ms)
			DisableScriptedObjects (3ms)
			BackupInstance (0ms)
			ReleaseScriptingObjects (0ms)
			CreateAndSetChildDomain (51ms)
		EndReloadAssembly (734ms)
			LoadAssemblies (116ms)
			RebuildTransferFunctionScriptingTraits (0ms)
			SetupTypeCache (247ms)
			ReleaseScriptCaches (1ms)
			RebuildScriptCaches (37ms)
			SetupLoadedEditorAssemblies (309ms)
				LogAssemblyErrors (0ms)
				InitializePlatformSupportModulesInManaged (5ms)
				SetLoadedEditorAssemblies (1ms)
				RefreshPlugins (1ms)
				BeforeProcessingInitializeOnLoad (60ms)
				ProcessInitializeOnLoadAttributes (217ms)
				ProcessInitializeOnLoadMethodAttributes (17ms)
				AfterProcessingInitializeOnLoad (8ms)
				EditorAssembliesLoaded (0ms)
			ExecutionOrderSort2 (0ms)
			AwakeInstancesAfterBackupRestoration (12ms)
Platform modules already initialized, skipping
Refreshing native plugins compatible for Editor in 2.61 ms, found 3 plugins.
Preloading 0 native plugins for Editor in 0.00 ms.
Unloading 3215 Unused Serialized files (Serialized files now loaded: 0)
Unloading 20 unused Assets / (152.1 KB). Loaded Objects now: 3801.
Memory consumption went from 119.9 MB to 119.7 MB.
Total: 2.965100 ms (FindLiveObjects: 0.217900 ms CreateObjectMapping: 0.148000 ms MarkObjects: 2.501800 ms  DeleteObjects: 0.096500 ms)

AssetImportParameters requested are different than current active one (requested -> active):
  custom:video-decoder-ogg-theora: a1e56fd34408186e4bbccfd4996cb3dc -> 
  custom:container-muxer-webm: aa71ff27fc2769a1b78a27578f13a17b -> 
  custom:container-demuxer-webm: 4f35f7cbe854078d1ac9338744f61a02 -> 
  custom:video-encoder-webm-vp8: eb34c28f22e8b96e1ab97ce403110664 -> 
  custom:audio-encoder-webm-vorbis: bf7c407c2cedff20999df2af8eb42d56 -> 
  custom:framework-win-MediaFoundation: 216162199b28c13a410421893ffa2e32 -> 
  custom:container-demuxer-ogg: 62fdf1f143b41e24485cea50d1cbac27 -> 
  custom:video-decoder-webm-vp8: 9c59270c3fd7afecdb556c50c9e8de78 -> 
  custom:audio-decoder-ogg-vorbis: bf7c407c2cedff20999df2af8eb42d56 -> 
========================================================================
Received Prepare
Registering precompiled user dll's ...
Registered in 0.004339 seconds.
Begin MonoManager ReloadAssembly
Symbol file LoadedFromMemory doesn't match image C:\Users\KJW\OneDrive\바탕 화면\Git\last_project\last_project\finalProject\Library\PackageCache\com.unity.visualscripting@1.8.0\Editor\VisualScripting.Core\Dependencies\YamlDotNet\Unity.VisualScripting.YamlDotNet.dll
Symbol file LoadedFromMemory doesn't match image C:\Users\KJW\OneDrive\바탕 화면\Git\last_project\last_project\finalProject\Library\PackageCache\com.unity.visualscripting@1.8.0\Editor\VisualScripting.Core\Dependencies\DotNetZip\Unity.VisualScripting.IonicZip.dll
Native extension for WindowsStandalone target not found
Refreshing native plugins compatible for Editor in 0.66 ms, found 3 plugins.
Preloading 0 native plugins for Editor in 0.00 ms.
Mono: successfully reloaded assembly
- Completed reload, in  0.899 seconds
Domain Reload Profiling:
	ReloadAssembly (900ms)
		BeginReloadAssembly (128ms)
			ExecutionOrderSort (0ms)
			DisableScriptedObjects (5ms)
			BackupInstance (0ms)
			ReleaseScriptingObjects (0ms)
			CreateAndSetChildDomain (30ms)
		EndReloadAssembly (689ms)
			LoadAssemblies (83ms)
			RebuildTransferFunctionScriptingTraits (0ms)
			SetupTypeCache (227ms)
			ReleaseScriptCaches (1ms)
			RebuildScriptCaches (43ms)
			SetupLoadedEditorAssemblies (300ms)
				LogAssemblyErrors (0ms)
				InitializePlatformSupportModulesInManaged (6ms)
				SetLoadedEditorAssemblies (0ms)
				RefreshPlugins (1ms)
				BeforeProcessingInitializeOnLoad (59ms)
				ProcessInitializeOnLoadAttributes (207ms)
				ProcessInitializeOnLoadMethodAttributes (19ms)
				AfterProcessingInitializeOnLoad (7ms)
				EditorAssembliesLoaded (0ms)
			ExecutionOrderSort2 (0ms)
			AwakeInstancesAfterBackupRestoration (11ms)
Platform modules already initialized, skipping
Refreshing native plugins compatible for Editor in 1.60 ms, found 3 plugins.
Preloading 0 native plugins for Editor in 0.00 ms.
Unloading 3215 Unused Serialized files (Serialized files now loaded: 0)
Unloading 18 unused Assets / (150.6 KB). Loaded Objects now: 3816.
Memory consumption went from 119.9 MB to 119.7 MB.
Total: 2.669200 ms (FindLiveObjects: 0.191400 ms CreateObjectMapping: 0.077300 ms MarkObjects: 2.286100 ms  DeleteObjects: 0.113300 ms)

AssetImportParameters requested are different than current active one (requested -> active):
  custom:video-decoder-ogg-theora: a1e56fd34408186e4bbccfd4996cb3dc -> 
  custom:container-muxer-webm: aa71ff27fc2769a1b78a27578f13a17b -> 
  custom:container-demuxer-webm: 4f35f7cbe854078d1ac9338744f61a02 -> 
  custom:video-encoder-webm-vp8: eb34c28f22e8b96e1ab97ce403110664 -> 
  custom:audio-encoder-webm-vorbis: bf7c407c2cedff20999df2af8eb42d56 -> 
  custom:framework-win-MediaFoundation: 216162199b28c13a410421893ffa2e32 -> 
  custom:container-demuxer-ogg: 62fdf1f143b41e24485cea50d1cbac27 -> 
  custom:video-decoder-webm-vp8: 9c59270c3fd7afecdb556c50c9e8de78 -> 
  custom:audio-decoder-ogg-vorbis: bf7c407c2cedff20999df2af8eb42d56 -> 
========================================================================
Received Prepare
Registering precompiled user dll's ...
Registered in 0.005407 seconds.
Begin MonoManager ReloadAssembly
Symbol file LoadedFromMemory doesn't match image C:\Users\KJW\OneDrive\바탕 화면\Git\last_project\last_project\finalProject\Library\PackageCache\com.unity.visualscripting@1.8.0\Editor\VisualScripting.Core\Dependencies\YamlDotNet\Unity.VisualScripting.YamlDotNet.dll
Symbol file LoadedFromMemory doesn't match image C:\Users\KJW\OneDrive\바탕 화면\Git\last_project\last_project\finalProject\Library\PackageCache\com.unity.visualscripting@1.8.0\Editor\VisualScripting.Core\Dependencies\DotNetZip\Unity.VisualScripting.IonicZip.dll
Native extension for WindowsStandalone target not found
Refreshing native plugins compatible for Editor in 0.41 ms, found 3 plugins.
Preloading 0 native plugins for Editor in 0.00 ms.
Mono: successfully reloaded assembly
- Completed reload, in  0.906 seconds
Domain Reload Profiling:
	ReloadAssembly (907ms)
		BeginReloadAssembly (128ms)
			ExecutionOrderSort (0ms)
			DisableScriptedObjects (3ms)
			BackupInstance (0ms)
			ReleaseScriptingObjects (0ms)
			CreateAndSetChildDomain (26ms)
		EndReloadAssembly (696ms)
			LoadAssemblies (92ms)
			RebuildTransferFunctionScriptingTraits (0ms)
			SetupTypeCache (225ms)
			ReleaseScriptCaches (1ms)
			RebuildScriptCaches (43ms)
			SetupLoadedEditorAssemblies (310ms)
				LogAssemblyErrors (0ms)
				InitializePlatformSupportModulesInManaged (5ms)
				SetLoadedEditorAssemblies (0ms)
				RefreshPlugins (0ms)
				BeforeProcessingInitializeOnLoad (58ms)
				ProcessInitializeOnLoadAttributes (219ms)
				ProcessInitializeOnLoadMethodAttributes (18ms)
				AfterProcessingInitializeOnLoad (8ms)
				EditorAssembliesLoaded (0ms)
			ExecutionOrderSort2 (0ms)
			AwakeInstancesAfterBackupRestoration (11ms)
Platform modules already initialized, skipping
Refreshing native plugins compatible for Editor in 1.48 ms, found 3 plugins.
Preloading 0 native plugins for Editor in 0.00 ms.
Unloading 3215 Unused Serialized files (Serialized files now loaded: 0)
Unloading 18 unused Assets / (150.6 KB). Loaded Objects now: 3831.
Memory consumption went from 119.9 MB to 119.7 MB.
Total: 2.424200 ms (FindLiveObjects: 0.178100 ms CreateObjectMapping: 0.077100 ms MarkObjects: 2.066500 ms  DeleteObjects: 0.101500 ms)

AssetImportParameters requested are different than current active one (requested -> active):
  custom:video-decoder-ogg-theora: a1e56fd34408186e4bbccfd4996cb3dc -> 
  custom:container-muxer-webm: aa71ff27fc2769a1b78a27578f13a17b -> 
  custom:container-demuxer-webm: 4f35f7cbe854078d1ac9338744f61a02 -> 
  custom:video-encoder-webm-vp8: eb34c28f22e8b96e1ab97ce403110664 -> 
  custom:audio-encoder-webm-vorbis: bf7c407c2cedff20999df2af8eb42d56 -> 
  custom:framework-win-MediaFoundation: 216162199b28c13a410421893ffa2e32 -> 
  custom:container-demuxer-ogg: 62fdf1f143b41e24485cea50d1cbac27 -> 
  custom:video-decoder-webm-vp8: 9c59270c3fd7afecdb556c50c9e8de78 -> 
  custom:audio-decoder-ogg-vorbis: bf7c407c2cedff20999df2af8eb42d56 -> 
========================================================================
Received Prepare
Registering precompiled user dll's ...
Registered in 0.005287 seconds.
Begin MonoManager ReloadAssembly
Symbol file LoadedFromMemory doesn't match image C:\Users\KJW\OneDrive\바탕 화면\Git\last_project\last_project\finalProject\Library\PackageCache\com.unity.visualscripting@1.8.0\Editor\VisualScripting.Core\Dependencies\YamlDotNet\Unity.VisualScripting.YamlDotNet.dll
Symbol file LoadedFromMemory doesn't match image C:\Users\KJW\OneDrive\바탕 화면\Git\last_project\last_project\finalProject\Library\PackageCache\com.unity.visualscripting@1.8.0\Editor\VisualScripting.Core\Dependencies\DotNetZip\Unity.VisualScripting.IonicZip.dll
Native extension for WindowsStandalone target not found
Refreshing native plugins compatible for Editor in 0.42 ms, found 3 plugins.
Preloading 0 native plugins for Editor in 0.00 ms.
Mono: successfully reloaded assembly
- Completed reload, in  0.911 seconds
Domain Reload Profiling:
	ReloadAssembly (911ms)
		BeginReloadAssembly (134ms)
			ExecutionOrderSort (0ms)
			DisableScriptedObjects (3ms)
			BackupInstance (0ms)
			ReleaseScriptingObjects (0ms)
			CreateAndSetChildDomain (29ms)
		EndReloadAssembly (698ms)
			LoadAssemblies (93ms)
			RebuildTransferFunctionScriptingTraits (0ms)
			SetupTypeCache (238ms)
			ReleaseScriptCaches (1ms)
			RebuildScriptCaches (43ms)
			SetupLoadedEditorAssemblies (293ms)
				LogAssemblyErrors (0ms)
				InitializePlatformSupportModulesInManaged (6ms)
				SetLoadedEditorAssemblies (1ms)
				RefreshPlugins (1ms)
				BeforeProcessingInitializeOnLoad (56ms)
				ProcessInitializeOnLoadAttributes (207ms)
				ProcessInitializeOnLoadMethodAttributes (16ms)
				AfterProcessingInitializeOnLoad (8ms)
				EditorAssembliesLoaded (0ms)
			ExecutionOrderSort2 (0ms)
			AwakeInstancesAfterBackupRestoration (12ms)
Platform modules already initialized, skipping
Refreshing native plugins compatible for Editor in 2.16 ms, found 3 plugins.
Preloading 0 native plugins for Editor in 0.00 ms.
Unloading 3215 Unused Serialized files (Serialized files now loaded: 0)
Unloading 18 unused Assets / (150.5 KB). Loaded Objects now: 3846.
Memory consumption went from 119.9 MB to 119.7 MB.
Total: 2.204900 ms (FindLiveObjects: 0.191200 ms CreateObjectMapping: 0.078400 ms MarkObjects: 1.834500 ms  DeleteObjects: 0.099700 ms)

AssetImportParameters requested are different than current active one (requested -> active):
  custom:video-decoder-ogg-theora: a1e56fd34408186e4bbccfd4996cb3dc -> 
  custom:container-muxer-webm: aa71ff27fc2769a1b78a27578f13a17b -> 
  custom:container-demuxer-webm: 4f35f7cbe854078d1ac9338744f61a02 -> 
  custom:video-encoder-webm-vp8: eb34c28f22e8b96e1ab97ce403110664 -> 
  custom:audio-encoder-webm-vorbis: bf7c407c2cedff20999df2af8eb42d56 -> 
  custom:framework-win-MediaFoundation: 216162199b28c13a410421893ffa2e32 -> 
  custom:container-demuxer-ogg: 62fdf1f143b41e24485cea50d1cbac27 -> 
  custom:video-decoder-webm-vp8: 9c59270c3fd7afecdb556c50c9e8de78 -> 
  custom:audio-decoder-ogg-vorbis: bf7c407c2cedff20999df2af8eb42d56 -> 
